Liste des fichiers avec des warnings : 
- D:\SVN\POLUX\Menu\trunk\Vehicle\A51\AIRBAG\SAC_AUTOLIV\MENU__A51__AIRBAG__SAC_AUTOLIV.s: contient JumpToMarker="NO"
- D:\SVN\POLUX\Menu\trunk\Vehicle\A51\AIRBAG\SAC_AUTOLIV\MENU__A51__AIRBAG__SAC_AUTOLIV.s: contient 2 MenuScreen dans différentes cellules
- D:\SVN\POLUX\Menu\trunk\Vehicle\A51\ALARMES\ALARME\MENU__A51__ALARMES__ALARME.s: contient JumpToMarker="NO"
- D:\SVN\POLUX\Menu\trunk\Vehicle\A51\ALARMES\ALARME\MENU__A51__ALARMES__ALARME.s: contient 2 MenuScreen dans différentes cellules
- D:\SVN\POLUX\Menu\trunk\Vehicle\A51\BMF\BSI\MENU__A51__BMF__BSI.s: contient JumpToMarker="NO"
- D:\SVN\POLUX\Menu\trunk\Vehicle\A51\BMF\BSI\MENU__A51__BMF__BSI.s: contient 2 MenuScreen dans différentes cellules
- D:\SVN\POLUX\Menu\trunk\Vehicle\A55\AIRBAG\SAC_AUTOLIV\MENU__A55__AIRBAG__SAC_AUTOLIV.s: contient JumpToMarker="NO"
- D:\SVN\POLUX\Menu\trunk\Vehicle\A55\AIRBAG\SAC_AUTOLIV\MENU__A55__AIRBAG__SAC_AUTOLIV.s: contient 2 MenuScreen dans différentes cellules
- D:\SVN\POLUX\Menu\trunk\Vehicle\A55\ALARMES\ALARME\MENU__A55__ALARMES__ALARME.s: contient JumpToMarker="NO"
- D:\SVN\POLUX\Menu\trunk\Vehicle\A55\ALARMES\ALARME\MENU__A55__ALARMES__ALARME.s: contient 2 MenuScreen dans différentes cellules
- D:\SVN\POLUX\Menu\trunk\Vehicle\A55\BMF\BSI\MENU__A55__BMF__BSI.s: contient JumpToMarker="NO"
- D:\SVN\POLUX\Menu\trunk\Vehicle\A55\BMF\BSI\MENU__A55__BMF__BSI.s: contient 2 MenuScreen dans différentes cellules
- D:\SVN\POLUX\Menu\trunk\Vehicle\A58\AIRBAG\SAC_AUTOLIV\MENU__A58__AIRBAG__SAC_AUTOLIV.s: contient JumpToMarker="NO"
- D:\SVN\POLUX\Menu\trunk\Vehicle\A58\AIRBAG\SAC_AUTOLIV\MENU__A58__AIRBAG__SAC_AUTOLIV.s: contient 2 MenuScreen dans différentes cellules
- D:\SVN\POLUX\Menu\trunk\Vehicle\A58\ALARMES\ALARME\MENU__A58__ALARMES__ALARME.s: contient JumpToMarker="NO"
- D:\SVN\POLUX\Menu\trunk\Vehicle\A58\ALARMES\ALARME\MENU__A58__ALARMES__ALARME.s: contient 2 MenuScreen dans différentes cellules
- D:\SVN\POLUX\Menu\trunk\Vehicle\A58\BMF\BSI\MENU__A58__BMF__BSI.s: contient JumpToMarker="NO"
- D:\SVN\POLUX\Menu\trunk\Vehicle\A58\BMF\BSI\MENU__A58__BMF__BSI.s: contient 2 MenuScreen dans différentes cellules
- D:\SVN\POLUX\Menu\trunk\Vehicle\A7\ABRASR\ESPMK60_O\MENU__A7__ABRASR__ESPMK60_O.s: contient 2 MenuScreen dans différentes cellules
- D:\SVN\POLUX\Menu\trunk\Vehicle\A7\AIRBAG\SAC_AUTOLIV\MENU__A7__AIRBAG__SAC_AUTOLIV.s: contient JumpToMarker="NO"
- D:\SVN\POLUX\Menu\trunk\Vehicle\A7\AIRBAG\SAC_AUTOLIV\MENU__A7__AIRBAG__SAC_AUTOLIV.s: contient 2 MenuScreen dans différentes cellules
- D:\SVN\POLUX\Menu\trunk\Vehicle\A7\ALARMES\ALARME\MENU__A7__ALARMES__ALARME.s: contient JumpToMarker="NO"
- D:\SVN\POLUX\Menu\trunk\Vehicle\A7\ALARMES\ALARME\MENU__A7__ALARMES__ALARME.s: contient 2 MenuScreen dans différentes cellules
- D:\SVN\POLUX\Menu\trunk\Vehicle\A7\BMF\BSI\MENU__A7__BMF__BSI.s: contient JumpToMarker="NO"
- D:\SVN\POLUX\Menu\trunk\Vehicle\A7\BMF\BSI\MENU__A7__BMF__BSI.s: contient 2 MenuScreen dans différentes cellules
- D:\SVN\POLUX\Menu\trunk\Vehicle\A7\INJ\V341\MENU__A7__INJ__V341.s: contient JumpToMarker="NO"
- D:\SVN\POLUX\Menu\trunk\Vehicle\A7\INJ\V341\MENU__A7__INJ__V341.s: contient 2 MenuScreen dans différentes cellules
- D:\SVN\POLUX\Menu\trunk\Vehicle\A9\AUTORADIO\RDE\MENU__A9__AUTORADIO__RDE.s: contient 2 MenuScreen dans différentes cellules
- D:\SVN\POLUX\Menu\trunk\Vehicle\A9\BMF\BSI2010\MENU__A9__BMF__BSI2010.s: contient JumpToMarker="NO"
- D:\SVN\POLUX\Menu\trunk\Vehicle\A9\BMF\BSI2010\MENU__A9__BMF__BSI2010.s: contient 2 MenuScreen dans différentes cellules
- D:\SVN\POLUX\Menu\trunk\Vehicle\A9\CPL\PLUIE_LUMINOSITE_UDS\MENU__A9__CPL__PLUIE_LUMINOSITE_UDS.s: contient JumpToMarker="NO"
- D:\SVN\POLUX\Menu\trunk\Vehicle\A9\CPL\PLUIE_LUMINOSITE_UDS\MENU__A9__CPL__PLUIE_LUMINOSITE_UDS.s: contient 2 MenuScreen dans différentes cellules
- D:\SVN\POLUX\Menu\trunk\Vehicle\A9\FMUX\FMUX\MENU__a9__FMUX__FMUX.s: contient JumpToMarker="NO"
- D:\SVN\POLUX\Menu\trunk\Vehicle\A9\FMUX\FMUX\MENU__a9__FMUX__FMUX.s: contient 2 MenuScreen dans différentes cellules
- D:\SVN\POLUX\Menu\trunk\Vehicle\B3_B4\ABRASR\RBV\MENU__B3_B4__ABRASR__RBV.s: contient JumpToMarker="NO"
- D:\SVN\POLUX\Menu\trunk\Vehicle\B3_B4\AIRBAG\ABG\menu__b3_b4__AIRBAG__ABG.s: contient JumpToMarker="NO"
- D:\SVN\POLUX\Menu\trunk\Vehicle\B3_B4\BML_ES\IDT\menu__b3_b4__BML_ES__IDT.s: contient JumpToMarker="NO"
- D:\SVN\POLUX\Menu\trunk\Vehicle\B3_B4\INJ_T\ME17_9_52\menu__b3_b4__INJ_T__ME17_9_52.s: contient JumpToMarker="NO"
- D:\SVN\POLUX\Menu\trunk\Vehicle\B5\AIRBAG\SAC_AUTOLIV\MENU__B5__AIRBAG__SAC_AUTOLIV.s: contient JumpToMarker="NO"
- D:\SVN\POLUX\Menu\trunk\Vehicle\B5\AIRBAG\SAC_AUTOLIV\MENU__B5__AIRBAG__SAC_AUTOLIV.s: contient 2 MenuScreen dans différentes cellules
- D:\SVN\POLUX\Menu\trunk\Vehicle\B5\ALARMES\ALARME\MENU__B5__ALARMES__ALARME.s: contient JumpToMarker="NO"
- D:\SVN\POLUX\Menu\trunk\Vehicle\B5\ALARMES\ALARME\MENU__B5__ALARMES__ALARME.s: contient 4 MenuScreen dans différentes cellules
- D:\SVN\POLUX\Menu\trunk\Vehicle\B5\AMPLHIFI\AMPLI_AUDIO\MENU__B5__AMPLHIFI__AMPLI_AUDIO.s: contient 2 MenuScreen dans différentes cellules
- D:\SVN\POLUX\Menu\trunk\Vehicle\B5\BMF\BSI\MENU__B5__BMF__BSI.s: contient JumpToMarker="NO"
- D:\SVN\POLUX\Menu\trunk\Vehicle\B5\BMF\BSI\MENU__B5__BMF__BSI.s: contient 2 MenuScreen dans différentes cellules
- D:\SVN\POLUX\Menu\trunk\Vehicle\B5\COMBINE\COMBINE\MENU__B5__COMBINE__COMBINE.s: contient JumpToMarker="NO"
- D:\SVN\POLUX\Menu\trunk\Vehicle\B5\COMBINE\COMBINE\MENU__B5__COMBINE__COMBINE.s: contient 3 MenuScreen dans différentes cellules
- D:\SVN\POLUX\Menu\trunk\Vehicle\B5\CORPRO\PROJECTEURS\MENU__B5__CORPRO__PROJECTEURS.s: contient 2 MenuScreen dans différentes cellules
- D:\SVN\POLUX\Menu\trunk\Vehicle\B5\INJ\ME749\MENU__B5__INJ__ME749.s: contient 3 MenuScreen dans différentes cellules
- D:\SVN\POLUX\Menu\trunk\Vehicle\B5\INJ\MM6KP\MENU__B5__INJ__MM6KP.s: contient 3 MenuScreen dans différentes cellules
- D:\SVN\POLUX\Menu\trunk\Vehicle\B5\PORTEC\EDPC\MENU__B5__PORTEC__EDPC.s: contient JumpToMarker="NO"
- D:\SVN\POLUX\Menu\trunk\Vehicle\B5\PORTEC\EDPC\MENU__B5__PORTEC__EDPC.s: contient 3 MenuScreen dans différentes cellules
- D:\SVN\POLUX\Menu\trunk\Vehicle\B5\PORTEP\EDPP\MENU__B5__PORTEP__EDPP.s: contient JumpToMarker="NO"
- D:\SVN\POLUX\Menu\trunk\Vehicle\B5\PORTEP\EDPP\MENU__B5__PORTEP__EDPP.s: contient 4 MenuScreen dans différentes cellules
- D:\SVN\POLUX\Menu\trunk\Vehicle\B7\AFFICHEUR\EMF_A_UDS\MENU__B7__AFFICHEUR__EMF_A_UDS.s: contient 2 MenuScreen dans différentes cellules
- D:\SVN\POLUX\Menu\trunk\Vehicle\B7\ALARMES\ALARME\MENU__B7__ALARMES__ALARME.s: contient JumpToMarker="NO"
- D:\SVN\POLUX\Menu\trunk\Vehicle\B7\ALARMES\ALARME\MENU__B7__ALARMES__ALARME.s: contient 2 MenuScreen dans différentes cellules
- D:\SVN\POLUX\Menu\trunk\Vehicle\B7\BMF\BSI2010\MENU__B7__BMF__BSI2010.s: contient JumpToMarker="NO"
- D:\SVN\POLUX\Menu\trunk\Vehicle\B7\BMF\BSI2010\MENU__B7__BMF__BSI2010.s: contient 2 MenuScreen dans différentes cellules
- D:\SVN\POLUX\Menu\trunk\Vehicle\B7\CLIM\CLIM_REGULEE_UDS\MENU__B7__CLIM__CLIM_REGULEE_UDS.s: contient JumpToMarker="NO"
- D:\SVN\POLUX\Menu\trunk\Vehicle\B7\CLIM\CLIM_REGULEE_UDS\MENU__B7__CLIM__CLIM_REGULEE_UDS.s: contient 6 MenuScreen dans différentes cellules
- D:\SVN\POLUX\Menu\trunk\Vehicle\B7\CPL\PLUIE_LUMINOSITE_UDS\MENU__B7__CPL__PLUIE_LUMINOSITE_UDS.s: contient JumpToMarker="NO"
- D:\SVN\POLUX\Menu\trunk\Vehicle\B7\CPL\PLUIE_LUMINOSITE_UDS\MENU__B7__CPL__PLUIE_LUMINOSITE_UDS.s: contient 2 MenuScreen dans différentes cellules
- D:\SVN\POLUX\Menu\trunk\Vehicle\B7\FMUX\FMUX\MENU__b7__FMUX__FMUX.s: contient JumpToMarker="NO"
- D:\SVN\POLUX\Menu\trunk\Vehicle\B7\FMUX\FMUX\MENU__b7__FMUX__FMUX.s: contient 3 MenuScreen dans différentes cellules
- D:\SVN\POLUX\Menu\trunk\Vehicle\B7\INJ\MM6KP\MENU__B7__INJ__MM6KP.s: contient 2 MenuScreen dans différentes cellules
- D:\SVN\POLUX\Menu\trunk\Vehicle\B75C\AFFICHEUR\EMF_A_UDS\MENU__B75C__AFFICHEUR__EMF_A_UDS.s: contient 4 MenuScreen dans différentes cellules
- D:\SVN\POLUX\Menu\trunk\Vehicle\B75C\ALARMES\ALARME\MENU__B75C__ALARMES__ALARME.s: contient JumpToMarker="NO"
- D:\SVN\POLUX\Menu\trunk\Vehicle\B75C\ALARMES\ALARME\MENU__B75C__ALARMES__ALARME.s: contient 2 MenuScreen dans différentes cellules
- D:\SVN\POLUX\Menu\trunk\Vehicle\B75C\BMF\BSI2010\MENU__B75C__BMF__BSI2010.s: contient JumpToMarker="NO"
- D:\SVN\POLUX\Menu\trunk\Vehicle\B75C\BMF\BSI2010\MENU__B75C__BMF__BSI2010.s: contient 2 MenuScreen dans différentes cellules
- D:\SVN\POLUX\Menu\trunk\Vehicle\B75C\CLIM\CLIM_REGULEE_UDS\MENU__B75C__CLIM__CLIM_REGULEE_UDS.s: contient JumpToMarker="NO"
- D:\SVN\POLUX\Menu\trunk\Vehicle\B75C\CLIM\CLIM_REGULEE_UDS\MENU__B75C__CLIM__CLIM_REGULEE_UDS.s: contient 2 MenuScreen dans différentes cellules
- D:\SVN\POLUX\Menu\trunk\Vehicle\B75C\CPL\PLUIE_LUMINOSITE_UDS\MENU__B75C__CPL__PLUIE_LUMINOSITE_UDS.s: contient 2 MenuScreen dans différentes cellules
- D:\SVN\POLUX\Menu\trunk\Vehicle\B75C\FMUX\FMUX\MENU__B75C__FMUX__FMUX.s: contient JumpToMarker="NO"
- D:\SVN\POLUX\Menu\trunk\Vehicle\B75C\FMUX\FMUX\MENU__B75C__FMUX__FMUX.s: contient 2 MenuScreen dans différentes cellules
- D:\SVN\POLUX\Menu\trunk\Vehicle\B78\BMF\BSI2010\MENU__B78__BMF__BSI2010.s: contient JumpToMarker="NO"
- D:\SVN\POLUX\Menu\trunk\Vehicle\B78\BMF\BSI2010\MENU__B78__BMF__BSI2010.s: contient 2 MenuScreen dans différentes cellules
- D:\SVN\POLUX\Menu\trunk\Vehicle\B78\CPL\PLUIE_LUMINOSITE_UDS\MENU__B78__CPL__PLUIE_LUMINOSITE_UDS.s: contient 2 MenuScreen dans différentes cellules
- D:\SVN\POLUX\Menu\trunk\Vehicle\B78\FMUX\FMUX\MENU__B78__FMUX__FMUX.s: contient JumpToMarker="NO"
- D:\SVN\POLUX\Menu\trunk\Vehicle\B78\FMUX\FMUX\MENU__B78__FMUX__FMUX.s: contient 2 MenuScreen dans différentes cellules
- D:\SVN\POLUX\Menu\trunk\Vehicle\B78\MOTED\MOTED_UDS\MENU__B78__MOTED__MOTED_UDS.s: contient 2 MenuScreen dans différentes cellules
- D:\SVN\POLUX\Menu\trunk\Vehicle\B78\MOTEV\MOTEV_UDS\MENU__B78__MOTEV__MOTEV_UDS.s: contient 2 MenuScreen dans différentes cellules
- D:\SVN\POLUX\Menu\trunk\Vehicle\B8\ALARMES\ALARME\MENU__B8__ALARMES__ALARME.s: contient JumpToMarker="NO"
- D:\SVN\POLUX\Menu\trunk\Vehicle\B8\ALARMES\ALARME\MENU__B8__ALARMES__ALARME.s: contient 2 MenuScreen dans différentes cellules
- D:\SVN\POLUX\Menu\trunk\Vehicle\B8\BMF\BSI2010\MENU__B8__BMF__BSI2010.s: contient JumpToMarker="NO"
- D:\SVN\POLUX\Menu\trunk\Vehicle\B8\BMF\BSI2010\MENU__B8__BMF__BSI2010.s: contient 2 MenuScreen dans différentes cellules
- D:\SVN\POLUX\Menu\trunk\Vehicle\B8\CLIM\CLIM_REGULEE_UDS\MENU__B8__CLIM__CLIM_REGULEE_UDS.s: contient JumpToMarker="NO"
- D:\SVN\POLUX\Menu\trunk\Vehicle\B8\CLIM\CLIM_REGULEE_UDS\MENU__B8__CLIM__CLIM_REGULEE_UDS.s: contient 2 MenuScreen dans différentes cellules
- D:\SVN\POLUX\Menu\trunk\Vehicle\B8\CPL\PLUIE_LUMINOSITE_UDS\MENU__B8__CPL__PLUIE_LUMINOSITE_UDS.s: contient JumpToMarker="NO"
- D:\SVN\POLUX\Menu\trunk\Vehicle\B8\CPL\PLUIE_LUMINOSITE_UDS\MENU__B8__CPL__PLUIE_LUMINOSITE_UDS.s: contient 2 MenuScreen dans différentes cellules
- D:\SVN\POLUX\Menu\trunk\Vehicle\B8\FMUX\FMUX\MENU__B8__FMUX__FMUX.s: contient JumpToMarker="NO"
- D:\SVN\POLUX\Menu\trunk\Vehicle\B8\FMUX\FMUX\MENU__B8__FMUX__FMUX.s: contient 3 MenuScreen dans différentes cellules
- D:\SVN\POLUX\Menu\trunk\Vehicle\B8\HCU1\HCU1\MENU__B8__HCU1__HCU1.s: contient JumpToMarker="NO"
- D:\SVN\POLUX\Menu\trunk\Vehicle\B8\HCU1\HCU1\MENU__B8__HCU1__HCU1.s: contient 2 MenuScreen dans différentes cellules
- D:\SVN\POLUX\Menu\trunk\Vehicle\B8\HCU2\HCU2\MENU__B8__HCU2__HCU2.s: contient JumpToMarker="NO"
- D:\SVN\POLUX\Menu\trunk\Vehicle\B8\HCU2\HCU2\MENU__B8__HCU2__HCU2.s: contient 2 MenuScreen dans différentes cellules
- D:\SVN\POLUX\Menu\trunk\Vehicle\B8\MOTED\MOTED_UDS\MENU__B8__MOTED__MOTED_UDS.s: contient 3 MenuScreen dans différentes cellules
- D:\SVN\POLUX\Menu\trunk\Vehicle\B8\MOTEV\MOTEV_UDS\MENU__B8__MOTEV__MOTEV_UDS.s: contient 3 MenuScreen dans différentes cellules
- D:\SVN\POLUX\Menu\trunk\Vehicle\B9\AIRBAG\SAC_AUTOLIV\MENU__B9__AIRBAG__SAC_AUTOLIV.s: contient JumpToMarker="NO"
- D:\SVN\POLUX\Menu\trunk\Vehicle\B9\AIRBAG\SAC_AUTOLIV\MENU__B9__AIRBAG__SAC_AUTOLIV.s: contient 2 MenuScreen dans différentes cellules
- D:\SVN\POLUX\Menu\trunk\Vehicle\B9\ALARMES\ALARME\MENU__B9__ALARMES__ALARME.s: contient JumpToMarker="NO"
- D:\SVN\POLUX\Menu\trunk\Vehicle\B9\ALARMES\ALARME\MENU__B9__ALARMES__ALARME.s: contient 2 MenuScreen dans différentes cellules
- D:\SVN\POLUX\Menu\trunk\Vehicle\B9\BMF\BSI\MENU__B9__BMF__BSI.s: contient JumpToMarker="NO"
- D:\SVN\POLUX\Menu\trunk\Vehicle\B9\BMF\BSI\MENU__B9__BMF__BSI.s: contient 3 MenuScreen dans différentes cellules
- D:\SVN\POLUX\Menu\trunk\Vehicle\D2\AIRBAG\SAC_AUTOLIV\MENU__D2__AIRBAG__SAC_AUTOLIV.s: contient JumpToMarker="NO"
- D:\SVN\POLUX\Menu\trunk\Vehicle\D2\AIRBAG\SAC_AUTOLIV\MENU__D2__AIRBAG__SAC_AUTOLIV.s: contient 2 MenuScreen dans différentes cellules
- D:\SVN\POLUX\Menu\trunk\Vehicle\D2\ALARMES\ALARME\MENU__d2__ALARMES__ALARME.s: contient JumpToMarker="NO"
- D:\SVN\POLUX\Menu\trunk\Vehicle\D2\ALARMES\ALARME\MENU__d2__ALARMES__ALARME.s: contient 2 MenuScreen dans différentes cellules
- D:\SVN\POLUX\Menu\trunk\Vehicle\D2\BMF\BSI\MENU__d2__BMF__BSI.s: contient JumpToMarker="NO"
- D:\SVN\POLUX\Menu\trunk\Vehicle\D2\BMF\BSI\MENU__d2__BMF__BSI.s: contient 2 MenuScreen dans différentes cellules
- D:\SVN\POLUX\Menu\trunk\Vehicle\D2\PORTEC\EDPC\MENU__d2__PORTEC__EDPC.s: contient JumpToMarker="NO"
- D:\SVN\POLUX\Menu\trunk\Vehicle\D2\PORTEC\EDPC\MENU__d2__PORTEC__EDPC.s: contient 4 MenuScreen dans différentes cellules
- D:\SVN\POLUX\Menu\trunk\Vehicle\D2\PORTEP\EDPP\MENU__d2__PORTEP__EDPP.s: contient JumpToMarker="NO"
- D:\SVN\POLUX\Menu\trunk\Vehicle\D2\PORTEP\EDPP\MENU__d2__PORTEP__EDPP.s: contient 4 MenuScreen dans différentes cellules
- D:\SVN\POLUX\Menu\trunk\Vehicle\E3\AFFICHEUR_LIN\EMF_DGT_UDS\MENU__E3__AFFICHEUR_LIN__EMF_DGT_UDS.s: contient JumpToMarker="NO"
- D:\SVN\POLUX\Menu\trunk\Vehicle\E3\BMF\BSI2010\MENU__E3__BMF__BSI2010.s: contient JumpToMarker="NO"
- D:\SVN\POLUX\Menu\trunk\Vehicle\E3\BMF\BSI2010\MENU__E3__BMF__BSI2010.s: contient 2 MenuScreen dans différentes cellules
- D:\SVN\POLUX\Menu\trunk\Vehicle\E3\FMUX\FMUX\MENU__E3__FMUX__FMUX.s: contient JumpToMarker="NO"
- D:\SVN\POLUX\Menu\trunk\Vehicle\E3\FMUX\FMUX\MENU__E3__FMUX__FMUX.s: contient 2 MenuScreen dans différentes cellules
- D:\SVN\POLUX\Menu\trunk\Vehicle\G25\BMF\BSI2010\MENU__G25__BMF__BSI2010.s: contient JumpToMarker="NO"
- D:\SVN\POLUX\Menu\trunk\Vehicle\G25\BMF\BSI2010\MENU__G25__BMF__BSI2010.s: contient 2 MenuScreen dans différentes cellules
- D:\SVN\POLUX\Menu\trunk\Vehicle\G25\CPL\PLUIE_LUMINOSITE_UDS\MENU__G25__CPL__PLUIE_LUMINOSITE_UDS.s: contient JumpToMarker="NO"
- D:\SVN\POLUX\Menu\trunk\Vehicle\G25\CPL\PLUIE_LUMINOSITE_UDS\MENU__G25__CPL__PLUIE_LUMINOSITE_UDS.s: contient 2 MenuScreen dans différentes cellules
- D:\SVN\POLUX\Menu\trunk\Vehicle\G9\AIRBAG\SAC_AUTOLIV\MENU__G9__AIRBAG__SAC_AUTOLIV.s: contient JumpToMarker="NO"
- D:\SVN\POLUX\Menu\trunk\Vehicle\G9\AIRBAG\SAC_AUTOLIV\MENU__G9__AIRBAG__SAC_AUTOLIV.s: contient 2 MenuScreen dans différentes cellules
- D:\SVN\POLUX\Menu\trunk\Vehicle\G9\ALARMES\ALARME\MENU__G9__ALARMES__ALARME.s: contient JumpToMarker="NO"
- D:\SVN\POLUX\Menu\trunk\Vehicle\G9\ALARMES\ALARME\MENU__G9__ALARMES__ALARME.s: contient 2 MenuScreen dans différentes cellules
- D:\SVN\POLUX\Menu\trunk\Vehicle\G9\BMF\BSI\MENU__G9__BMF__BSI.s: contient JumpToMarker="NO"
- D:\SVN\POLUX\Menu\trunk\Vehicle\G9\BMF\BSI\MENU__G9__BMF__BSI.s: contient 2 MenuScreen dans différentes cellules
- D:\SVN\POLUX\Menu\trunk\Vehicle\G9\INJ\MM6KP\MENU__G9__INJ__MM6KP.s: contient 2 MenuScreen dans différentes cellules
- D:\SVN\POLUX\Menu\trunk\Vehicle\J3_J4\INJ\MIVEC\MENU__J3_J4__INJ__MIVEC.s: contient 2 MenuScreen dans différentes cellules
- D:\SVN\POLUX\Menu\trunk\Vehicle\LA\AIRBAG\SAC_AUTOLIV\MENU__LA__AIRBAG__SAC_AUTOLIV.s: contient JumpToMarker="NO"
- D:\SVN\POLUX\Menu\trunk\Vehicle\LA\AIRBAG\SAC_AUTOLIV\MENU__LA__AIRBAG__SAC_AUTOLIV.s: contient 2 MenuScreen dans différentes cellules
- D:\SVN\POLUX\Menu\trunk\Vehicle\LA\AUTORADIO\RDE\MENU__LA__AUTORADIO__RDE.s: contient 2 MenuScreen dans différentes cellules
- D:\SVN\POLUX\Menu\trunk\Vehicle\LA\BMF\BSI\MENU__LA__BMF__BSI.s: contient JumpToMarker="NO"
- D:\SVN\POLUX\Menu\trunk\Vehicle\LA\BMF\BSI\MENU__LA__BMF__BSI.s: contient 2 MenuScreen dans différentes cellules
- D:\SVN\POLUX\Menu\trunk\Vehicle\M3_M4\AFFICHEUR\EMF_A_UDS\MENU__M3_M4__AFFICHEUR__EMF_A_UDS.s: contient 2 MenuScreen dans différentes cellules
- D:\SVN\POLUX\Menu\trunk\Vehicle\M3_M4\AUTORADIO\RDE\MENU__M3_M4__AUTORADIO__RDE.s: contient 2 MenuScreen dans différentes cellules
- D:\SVN\POLUX\Menu\trunk\Vehicle\M3_M4\BMF\BSI2010\MENU__M3_M4__BMF__BSI2010.s: contient JumpToMarker="NO"
- D:\SVN\POLUX\Menu\trunk\Vehicle\M3_M4\BMF\BSI2010\MENU__M3_M4__BMF__BSI2010.s: contient 2 MenuScreen dans différentes cellules
- D:\SVN\POLUX\Menu\trunk\Vehicle\M3_M4\FMUX\FMUX\MENU__M3_M4__FMUX__FMUX.s: contient JumpToMarker="NO"
- D:\SVN\POLUX\Menu\trunk\Vehicle\M3_M4\FMUX\FMUX\MENU__M3_M4__FMUX__FMUX.s: contient 2 MenuScreen dans différentes cellules
- D:\SVN\POLUX\Menu\trunk\Vehicle\M59\INJ\ME749\MENU__M59__INJ__ME749.s: contient 2 MenuScreen dans différentes cellules
- D:\SVN\POLUX\Menu\trunk\Vehicle\T3\ALARMES\ALARME\MENU__T3__ALARMES__ALARME.s: contient 2 MenuScreen dans différentes cellules
- D:\SVN\POLUX\Menu\trunk\Vehicle\T3\INJ\EDC15C2\MENU__T3__INJ__EDC15C2-2655.s: contient JumpToMarker="NO"
- D:\SVN\POLUX\Menu\trunk\Vehicle\T3\INJ\EDC15C2\MENU__T3__INJ__EDC15C2-2655.s: contient 7 MenuScreen dans différentes cellules
- D:\SVN\POLUX\Menu\trunk\Vehicle\T3\INJ\ME749\MENU__T3__INJ__ME749.s: contient 2 MenuScreen dans différentes cellules
- D:\SVN\POLUX\Menu\trunk\Vehicle\T6\AIRBAG\SAC_AUTOLIV\MENU__T6__AIRBAG__SAC_AUTOLIV.s: contient JumpToMarker="NO"
- D:\SVN\POLUX\Menu\trunk\Vehicle\T6\AIRBAG\SAC_AUTOLIV\MENU__T6__AIRBAG__SAC_AUTOLIV.s: contient 2 MenuScreen dans différentes cellules
- D:\SVN\POLUX\Menu\trunk\Vehicle\T6\ALARMES\ALARME\MENU__T6__ALARMES__ALARME.s: contient JumpToMarker="NO"
- D:\SVN\POLUX\Menu\trunk\Vehicle\T6\ALARMES\ALARME\MENU__T6__ALARMES__ALARME.s: contient 2 MenuScreen dans différentes cellules
- D:\SVN\POLUX\Menu\trunk\Vehicle\T6\BMF\BSI\MENU__T6__BMF__BSI.s: contient JumpToMarker="NO"
- D:\SVN\POLUX\Menu\trunk\Vehicle\T6\BMF\BSI\MENU__T6__BMF__BSI.s: contient 2 MenuScreen dans différentes cellules
- D:\SVN\POLUX\Menu\trunk\Vehicle\T6\INJ\ME749\MENU__T6__INJ__ME749.s: contient 2 MenuScreen dans différentes cellules
- D:\SVN\POLUX\Menu\trunk\Vehicle\T6\INJ\MM6KP\MENU__T6__INJ__MM6KP.s: contient 2 MenuScreen dans différentes cellules
- D:\SVN\POLUX\Menu\trunk\Vehicle\T6\PORTEC\EDPC\MENU__T6__PORTEC__EDPC.s: contient JumpToMarker="NO"
- D:\SVN\POLUX\Menu\trunk\Vehicle\T6\PORTEC\EDPC\MENU__T6__PORTEC__EDPC.s: contient 2 MenuScreen dans différentes cellules
- D:\SVN\POLUX\Menu\trunk\Vehicle\T6\PORTEP\EDPP\MENU__T6__PORTEP__EDPP.s: contient JumpToMarker="NO"
- D:\SVN\POLUX\Menu\trunk\Vehicle\T6\PORTEP\EDPP\MENU__T6__PORTEP__EDPP.s: contient 2 MenuScreen dans différentes cellules
- D:\SVN\POLUX\Menu\trunk\Vehicle\T7\AIRBAG\SAC_AUTOLIV\MENU__T7__AIRBAG__SAC_AUTOLIV.s: contient JumpToMarker="NO"
- D:\SVN\POLUX\Menu\trunk\Vehicle\T7\AIRBAG\SAC_AUTOLIV\MENU__T7__AIRBAG__SAC_AUTOLIV.s: contient 2 MenuScreen dans différentes cellules
- D:\SVN\POLUX\Menu\trunk\Vehicle\T7\ALARMES\ALARME\MENU__T7__ALARMES__ALARME.s: contient JumpToMarker="NO"
- D:\SVN\POLUX\Menu\trunk\Vehicle\T7\ALARMES\ALARME\MENU__T7__ALARMES__ALARME.s: contient 3 MenuScreen dans différentes cellules
- D:\SVN\POLUX\Menu\trunk\Vehicle\T7\BMF\BSI\MENU__T7__BMF__BSI.s: contient JumpToMarker="NO"
- D:\SVN\POLUX\Menu\trunk\Vehicle\T7\BMF\BSI\MENU__T7__BMF__BSI.s: contient 2 MenuScreen dans différentes cellules
- D:\SVN\POLUX\Menu\trunk\Vehicle\T7\BSM\BSM\MENU__T7__BSM__BSM.s: contient 2 MenuScreen dans différentes cellules
- D:\SVN\POLUX\Menu\trunk\Vehicle\T7\INJ\MM6KP\MENU__T7__INJ__MM6KP.s: contient 2 MenuScreen dans différentes cellules
- D:\SVN\POLUX\Menu\trunk\Vehicle\T84\AIRBAG\SAC_AUTOLIV\MENU__T84__AIRBAG__SAC_AUTOLIV.s: contient JumpToMarker="NO"
- D:\SVN\POLUX\Menu\trunk\Vehicle\T84\AIRBAG\SAC_AUTOLIV\MENU__T84__AIRBAG__SAC_AUTOLIV.s: contient 2 MenuScreen dans différentes cellules
- D:\SVN\POLUX\Menu\trunk\Vehicle\T84\ALARMES\ALARME\MENU__T84__ALARMES__ALARME.s: contient JumpToMarker="NO"
- D:\SVN\POLUX\Menu\trunk\Vehicle\T84\ALARMES\ALARME\MENU__T84__ALARMES__ALARME.s: contient 2 MenuScreen dans différentes cellules
- D:\SVN\POLUX\Menu\trunk\Vehicle\T84\BMF\BSI\MENU__T84__BMF__BSI.s: contient JumpToMarker="NO"
- D:\SVN\POLUX\Menu\trunk\Vehicle\T84\BMF\BSI\MENU__T84__BMF__BSI.s: contient 2 MenuScreen dans différentes cellules
- D:\SVN\POLUX\Menu\trunk\Vehicle\T84\HCU1\HCU1\MENU__T84__HCU1__HCU1.s: contient JumpToMarker="NO"
- D:\SVN\POLUX\Menu\trunk\Vehicle\T84\HCU1\HCU1\MENU__T84__HCU1__HCU1.s: contient 2 MenuScreen dans différentes cellules
- D:\SVN\POLUX\Menu\trunk\Vehicle\T84\HCU2\HCU2\MENU__T84__HCU2__HCU2.s: contient JumpToMarker="NO"
- D:\SVN\POLUX\Menu\trunk\Vehicle\T84\HCU2\HCU2\MENU__T84__HCU2__HCU2.s: contient 2 MenuScreen dans différentes cellules
- D:\SVN\POLUX\Menu\trunk\Vehicle\T9\AFFICHEUR_LIN\EMF_DGT_UDS\MENU__T9__AFFICHEUR_LIN__EMF_DGT_UDS.s: contient JumpToMarker="NO"
- D:\SVN\POLUX\Menu\trunk\Vehicle\T9\ALARMES\ALARME\MENU__T9__ALARMES__ALARME.s: contient JumpToMarker="NO"
- D:\SVN\POLUX\Menu\trunk\Vehicle\T9\ALARMES\ALARME\MENU__T9__ALARMES__ALARME.s: contient 2 MenuScreen dans différentes cellules
- D:\SVN\POLUX\Menu\trunk\Vehicle\T9\BMF\BSI2010\MENU__T9__BMF__BSI2010.s: contient JumpToMarker="NO"
- D:\SVN\POLUX\Menu\trunk\Vehicle\T9\BMF\BSI2010\MENU__T9__BMF__BSI2010.s: contient 2 MenuScreen dans différentes cellules
- D:\SVN\POLUX\Menu\trunk\Vehicle\T9\COMBINE\COMBINE_UDS\MENU__T9__COMBINE__COMBINE_UDS.s: contient JumpToMarker="NO"
- D:\SVN\POLUX\Menu\trunk\Vehicle\T9\FMUX\FMUX\MENU__T9__FMUX__FMUX.s: contient JumpToMarker="NO"
- D:\SVN\POLUX\Menu\trunk\Vehicle\T9\FMUX\FMUX\MENU__T9__FMUX__FMUX.s: contient 2 MenuScreen dans différentes cellules
- D:\SVN\POLUX\Menu\trunk\Vehicle\VCAN\AIRBAG\SAC_AUTOLIV\MENU__VCAN__AIRBAG__SAC_AUTOLIV.s: contient JumpToMarker="NO"
- D:\SVN\POLUX\Menu\trunk\Vehicle\VCAN\AIRBAG\SAC_AUTOLIV\MENU__VCAN__AIRBAG__SAC_AUTOLIV.s: contient 2 MenuScreen dans différentes cellules
- D:\SVN\POLUX\Menu\trunk\Vehicle\VCAN\ALARMES\ALARME\MENU__VCAN__ALARMES__ALARME.s: contient JumpToMarker="NO"
- D:\SVN\POLUX\Menu\trunk\Vehicle\VCAN\ALARMES\ALARME\MENU__VCAN__ALARMES__ALARME.s: contient 2 MenuScreen dans différentes cellules
- D:\SVN\POLUX\Menu\trunk\Vehicle\VCAN\BMF\BSI\MENU__VCAN__BMF__BSI.s: contient JumpToMarker="NO"
- D:\SVN\POLUX\Menu\trunk\Vehicle\VCAN\BMF\BSI\MENU__VCAN__BMF__BSI.s: contient 2 MenuScreen dans différentes cellules
- D:\SVN\POLUX\Menu\trunk\Vehicle\VCAN\PORTEC\EDPC\MENU__VCAN__PORTEC__EDPC.s: contient JumpToMarker="NO"
- D:\SVN\POLUX\Menu\trunk\Vehicle\VCAN\PORTEC\EDPC\MENU__VCAN__PORTEC__EDPC.s: contient 2 MenuScreen dans différentes cellules
- D:\SVN\POLUX\Menu\trunk\Vehicle\VCAN\PORTEP\EDPP\MENU__VCAN__PORTEP__EDPP.s: contient JumpToMarker="NO"
- D:\SVN\POLUX\Menu\trunk\Vehicle\VCAN\PORTEP\EDPP\MENU__VCAN__PORTEP__EDPP.s: contient 2 MenuScreen dans différentes cellules
- D:\SVN\POLUX\Menu\trunk\Vehicle\W2\ALARMES\ALARME\MENU__W2__ALARMES__ALARME.s: contient JumpToMarker="NO"
- D:\SVN\POLUX\Menu\trunk\Vehicle\W2\ALARMES\ALARME\MENU__W2__ALARMES__ALARME.s: contient 4 MenuScreen dans différentes cellules
- D:\SVN\POLUX\Menu\trunk\Vehicle\W2\BDMC\BDMC\MENU__W2__BDMC__BDMC.s: contient 2 MenuScreen dans différentes cellules
- D:\SVN\POLUX\Menu\trunk\Vehicle\W2\BMF\BSI2010\MENU__W2__BMF__BSI2010.s: contient JumpToMarker="NO"
- D:\SVN\POLUX\Menu\trunk\Vehicle\W2\BMF\BSI2010\MENU__W2__BMF__BSI2010.s: contient 2 MenuScreen dans différentes cellules
- D:\SVN\POLUX\Menu\trunk\Vehicle\W2\CLIM\CLIM_REGULEE_UDS\MENU__W2__CLIM__CLIM_REGULEE_UDS.s: contient JumpToMarker="NO"
- D:\SVN\POLUX\Menu\trunk\Vehicle\W2\CLIM\CLIM_REGULEE_UDS\MENU__W2__CLIM__CLIM_REGULEE_UDS.s: contient 4 MenuScreen dans différentes cellules
- D:\SVN\POLUX\Menu\trunk\Vehicle\W2\CPL\PLUIE_LUMINOSITE_UDS\MENU__W2__CPL__PLUIE_LUMINOSITE_UDS.s: contient JumpToMarker="NO"
- D:\SVN\POLUX\Menu\trunk\Vehicle\W2\CPL\PLUIE_LUMINOSITE_UDS\MENU__W2__CPL__PLUIE_LUMINOSITE_UDS.s: contient 2 MenuScreen dans différentes cellules
- D:\SVN\POLUX\Menu\trunk\Vehicle\W2\FMUX\FMUX\MENU__W2__FMUX__FMUX.s: contient JumpToMarker="NO"
- D:\SVN\POLUX\Menu\trunk\Vehicle\W2\FMUX\FMUX\MENU__W2__FMUX__FMUX.s: contient 2 MenuScreen dans différentes cellules
- D:\SVN\POLUX\Menu\trunk\Vehicle\W2\FSE\FSE\MENU__W2__FSE__FSE.s: contient 3 MenuScreen dans différentes cellules
- D:\SVN\POLUX\Menu\trunk\Vehicle\W2\HCU1\HCU1\MENU__W2__HCU1__HCU1.s: contient JumpToMarker="NO"
- D:\SVN\POLUX\Menu\trunk\Vehicle\W2\HCU1\HCU1\MENU__W2__HCU1__HCU1.s: contient 2 MenuScreen dans différentes cellules
- D:\SVN\POLUX\Menu\trunk\Vehicle\W2\HCU2\HCU2\MENU__W2__HCU2__HCU2.s: contient JumpToMarker="NO"
- D:\SVN\POLUX\Menu\trunk\Vehicle\W2\HCU2\HCU2\MENU__W2__HCU2__HCU2.s: contient 2 MenuScreen dans différentes cellules
- D:\SVN\POLUX\Menu\trunk\Vehicle\W2\INJ\MM6KP\MENU__W2__INJ__MM6KP.s: contient 2 MenuScreen dans différentes cellules
- D:\SVN\POLUX\Menu\trunk\Vehicle\W2\MOTED\MOTED_UDS\MENU__W2__MOTED__MOTED_UDS.s: contient 3 MenuScreen dans différentes cellules
- D:\SVN\POLUX\Menu\trunk\Vehicle\W2\MOTEV\MOTEV_UDS\MENU__W2__MOTEV__MOTEV_UDS.s: contient 3 MenuScreen dans différentes cellules
- D:\SVN\POLUX\Menu\trunk\Vehicle\X6\AIRBAG\SAC_AUTOLIV\MENU__X6__AIRBAG__SAC_AUTOLIV.s: contient JumpToMarker="NO"
- D:\SVN\POLUX\Menu\trunk\Vehicle\X6\AIRBAG\SAC_AUTOLIV\MENU__X6__AIRBAG__SAC_AUTOLIV.s: contient 2 MenuScreen dans différentes cellules
- D:\SVN\POLUX\Menu\trunk\Vehicle\X6\ALARMES\ALARME\MENU__X6__ALARMES__ALARME.s: contient JumpToMarker="NO"
- D:\SVN\POLUX\Menu\trunk\Vehicle\X6\ALARMES\ALARME\MENU__X6__ALARMES__ALARME.s: contient 2 MenuScreen dans différentes cellules
- D:\SVN\POLUX\Menu\trunk\Vehicle\X6\BMF\BSI\MENU__X6__BMF__BSI.s: contient JumpToMarker="NO"
- D:\SVN\POLUX\Menu\trunk\Vehicle\X6\BMF\BSI\MENU__X6__BMF__BSI.s: contient 2 MenuScreen dans différentes cellules
- D:\SVN\POLUX\Menu\trunk\Vehicle\X6\PORTEC\EDPC\MENU__X6__PORTEC__EDPC.s: contient JumpToMarker="NO"
- D:\SVN\POLUX\Menu\trunk\Vehicle\X6\PORTEC\EDPC\MENU__X6__PORTEC__EDPC.s: contient 2 MenuScreen dans différentes cellules
- D:\SVN\POLUX\Menu\trunk\Vehicle\X6\PORTEP\EDPP\MENU__X6__PORTEP__EDPP.s: contient JumpToMarker="NO"
- D:\SVN\POLUX\Menu\trunk\Vehicle\X6\PORTEP\EDPP\MENU__X6__PORTEP__EDPP.s: contient 2 MenuScreen dans différentes cellules
- D:\SVN\POLUX\Menu\trunk\Vehicle\X7\AIRBAG\SAC_AUTOLIV\MENU__X7__AIRBAG__SAC_AUTOLIV.s: contient JumpToMarker="NO"
- D:\SVN\POLUX\Menu\trunk\Vehicle\X7\AIRBAG\SAC_AUTOLIV\MENU__X7__AIRBAG__SAC_AUTOLIV.s: contient 2 MenuScreen dans différentes cellules
- D:\SVN\POLUX\Menu\trunk\Vehicle\X7\ALARMES\ALARME\MENU__X7__ALARMES__ALARME.s: contient JumpToMarker="NO"
- D:\SVN\POLUX\Menu\trunk\Vehicle\X7\ALARMES\ALARME\MENU__X7__ALARMES__ALARME.s: contient 2 MenuScreen dans différentes cellules
- D:\SVN\POLUX\Menu\trunk\Vehicle\X7\BDMC\BDMC\MENU__X7__BDMC__BDMC.s: contient 3 MenuScreen dans différentes cellules
- D:\SVN\POLUX\Menu\trunk\Vehicle\X7\BMF\BSI\MENU__X7__BMF__BSI.s: contient JumpToMarker="NO"
- D:\SVN\POLUX\Menu\trunk\Vehicle\X7\BMF\BSI\MENU__X7__BMF__BSI.s: contient 2 MenuScreen dans différentes cellules
- D:\SVN\POLUX\Menu\trunk\Vehicle\X7\INJ\MM6KP\MENU__X7__INJ__MM6KP.s: contient 2 MenuScreen dans différentes cellules
- D:\SVN\POLUX\Menu\trunk\Vehicle\X7\TELEMAT\RASTREADOR\MENU__T6__TELEMAT__RASTREADOR.s: contient JumpToMarker="NO"
- D:\SVN\POLUX\Menu\trunk\Vehicle\X7\TELEMAT\RASTREADOR\MENU__T6__TELEMAT__RASTREADOR.s: contient 2 MenuScreen dans différentes cellules
- D:\SVN\POLUX\Menu\trunk\Vehicle\Z9\AIRBAG\SAC_AUTOLIV\MENU__Z9__AIRBAG__SAC_AUTOLIV.s: contient JumpToMarker="NO"
- D:\SVN\POLUX\Menu\trunk\Vehicle\Z9\AIRBAG\SAC_AUTOLIV\MENU__Z9__AIRBAG__SAC_AUTOLIV.s: contient 2 MenuScreen dans différentes cellules
- D:\SVN\POLUX\Menu\trunk\Vehicle\Z9\ALARMES\ALARME\MENU__Z9__ALARMES__ALARME.s: contient JumpToMarker="NO"
- D:\SVN\POLUX\Menu\trunk\Vehicle\Z9\ALARMES\ALARME\MENU__Z9__ALARMES__ALARME.s: contient 2 MenuScreen dans différentes cellules
- D:\SVN\POLUX\Menu\trunk\Vehicle\Z9\BMF\BSI\MENU__Z9__BMF__BSI.s: contient JumpToMarker="NO"
- D:\SVN\POLUX\Menu\trunk\Vehicle\Z9\BMF\BSI\MENU__Z9__BMF__BSI.s: contient 2 MenuScreen dans différentes cellules
- D:\SVN\POLUX\Menu\trunk\Vehicle\Z9\PORTEC\EDPC\MENU__Z9__PORTEC__EDPC.s: contient JumpToMarker="NO"
- D:\SVN\POLUX\Menu\trunk\Vehicle\Z9\PORTEC\EDPC\MENU__Z9__PORTEC__EDPC.s: contient 2 MenuScreen dans différentes cellules
- D:\SVN\POLUX\Menu\trunk\Vehicle\Z9\PORTEP\EDPP\MENU__Z9__PORTEP__EDPP.s: contient JumpToMarker="NO"
- D:\SVN\POLUX\Menu\trunk\Vehicle\Z9\PORTEP\EDPP\MENU__Z9__PORTEP__EDPP.s: contient 2 MenuScreen dans différentes cellules
